<?xml version="1.0" encoding="UTF-8"?>
<testng-results ignored="0" total="1" passed="1" failed="0" skipped="0">
  <reporter-output>
  </reporter-output>
  <suite started-at="2021-10-20T06:06:10Z" name="Default suite" finished-at="2021-10-20T06:06:13Z" duration-ms="3200">
    <groups>
    </groups>
    <test started-at="2021-10-20T06:06:10Z" name="Default test" finished-at="2021-10-20T06:06:13Z" duration-ms="3200">
      <class name="com.qa.rest.postaction.PostAPIWithPOJO">
        <test-method signature="createUser_With_POJO_Test()[pri:0, instance:com.qa.rest.postaction.PostAPIWithPOJO@3745e5c6]" started-at="2021-10-20T06:06:10Z" name="createUser_With_POJO_Test" finished-at="2021-10-20T06:06:13Z" duration-ms="3184" status="PASS">
          <reporter-output>
          </reporter-output>
        </test-method> <!-- createUser_With_POJO_Test -->
      </class> <!-- com.qa.rest.postaction.PostAPIWithPOJO -->
    </test> <!-- Default test -->
  </suite> <!-- Default suite -->
</testng-results>
